08:35:33 PM
Model 1 instance: None
IBM model 2 with random weights
Resetting weights
Timestamp: 1429821442.6211224
Perplexity = 2255154.6423131544, Log-Likelihood = -1563154.0820459984
Recall = 0.08395245170876671, Precision = 0.1444082519001086, AER = 0.8769945642644222
Timestamp: 1429823393.7925403
Perplexity = 2250853.019193887, Log-Likelihood = -1560172.4241090592
Recall = 0.14140663694898464, Precision = 0.1885929513048157, AER = 0.8280160390516039
Timestamp: 1429825425.4063716
Perplexity = 2247742.8328045486, Log-Likelihood = -1558016.6071823034
Recall = 0.1411589895988113, Precision = 0.1870455157554538, AER = 0.8291172365666434
Timestamp: 1429827443.695332
Perplexity = 2246112.019617475, Log-Likelihood = -1556886.2136196294
Recall = 0.16319960376423973, Precision = 0.2040898695008745, AER = 0.8103042454886235
Timestamp: 1429829470.924128
Perplexity = 2244382.3774944893, Log-Likelihood = -1555687.3170587146
Recall = 0.16468548786527984, Precision = 0.2045577130528587, AER = 0.8094988650253186
Timestamp: 1429831473.1475048
Perplexity = 2242551.228110322, Log-Likelihood = -1554418.0610258952
Recall = 0.17211490837048044, Precision = 0.20887869383349075, AER = 0.8040876932483186
Timestamp: 1429833489.966618
Perplexity = 2240991.0297444174, Log-Likelihood = -1553336.6139274645
Recall = 0.1691431401684002, Precision = 0.20877192982456141, AER = 0.8052061495457722
Timestamp: 1429835514.2849264
Perplexity = 2239855.5023736646, Log-Likelihood = -1552549.5263319793
Recall = 0.17112431896978703, Precision = 0.21047657621169163, AER = 0.8034076015727392
Timestamp: 1429837504.9871125
Perplexity = 2239023.3077290356, Log-Likelihood = -1551972.6929603845
Recall = 0.17062902426944032, Precision = 0.20993654651005805, AER = 0.8039318479685452
Timestamp: 1429839519.764824
Perplexity = 2238447.519161089, Log-Likelihood = -1551573.5867379191
Recall = 0.1733531451213472, Precision = 0.21296421336934504, AER = 0.801013720178275
Timestamp: 1429841567.7482889
Perplexity = 2237917.4613356385, Log-Likelihood = -1551206.1786506674
Recall = 0.17310549777117384, Precision = 0.2124527282549973, AER = 0.8014333158538717
Timestamp: 1429843572.4777825
Perplexity = 2237414.3845724775, Log-Likelihood = -1550857.4724106737
Recall = 0.17310549777117384, Precision = 0.2129929767693139, AER = 0.8010837266212201
Timestamp: 1429845607.127531
Perplexity = 2236995.137587922, Log-Likelihood = -1550566.872545372
Recall = 0.1728578504210005, Precision = 0.212481426448737, AER = 0.8015033650904642
Timestamp: 1429847665.4610863
Perplexity = 2236719.0095218206, Log-Likelihood = -1550375.475154863
Recall = 0.1723625557206538, Precision = 0.21221126570309334, AER = 0.8018529848789442
Timestamp: 1429849691.6844015
Perplexity = 2236512.7577649085, Log-Likelihood = -1550232.5123311093
Recall = 0.1723625557206538, Precision = 0.21234634607591518, AER = 0.8017655799318242
Timestamp: 1429851516.4964538
Perplexity = 2236364.3620273154, Log-Likelihood = -1550129.6522439588
Recall = 0.1723625557206538, Precision = 0.21275158719438067, AER = 0.8015033650904642
Timestamp: 1429853333.084148
Perplexity = 2236227.1913350555, Log-Likelihood = -1550034.5727653815
Recall = 0.17261020307082714, Precision = 0.212481426448737, AER = 0.8015907700375842
Timestamp: 1429855026.9232392
Perplexity = 2236136.1576458025, Log-Likelihood = -1549971.4730203396
Recall = 0.17360079247152055, Precision = 0.21318562550661982, AER = 0.8007867132867132
Timestamp: 1429856691.9000874
Perplexity = 2236057.2560966853, Log-Likelihood = -1549916.7826340438
Recall = 0.17409608717186725, Precision = 0.2138611186165901, AER = 0.8001748251748252
Timestamp: 1429858283.6984076
Perplexity = 2236016.635082042, Log-Likelihood = -1549888.626292222
Recall = 0.1743437345220406, Precision = 0.21372601999459606, AER = 0.8001748251748252
Timestamp: 1429859866.428628
Perplexity = 2235970.484473572, Log-Likelihood = -1549856.6371281035
Recall = 0.17409608717186725, Precision = 0.21372601999459606, AER = 0.8002622377622377
Timestamp: 1429861473.0535371
Perplexity = 2235946.9599295035, Log-Likelihood = -1549840.3311566873
Recall = 0.1743437345220406, Precision = 0.21426641448257228, AER = 0.7998251748251748
Timestamp: 1429864397.2518654
Perplexity = 2235913.5208032625, Log-Likelihood = -1549817.1529206547
Recall = 0.1748390292223873, Precision = 0.21440151310456634, AER = 0.7995629370629371
Timestamp: 1429867080.554701
Perplexity = 2235901.6366098057, Log-Likelihood = -1549808.9154254505
Recall = 0.17459138187221396, Precision = 0.21440151310456634, AER = 0.7996503496503496
Timestamp: 1429869715.5262973
Perplexity = 2235876.985903742, Log-Likelihood = -1549791.8288580219
Recall = 0.1738484398216939, Precision = 0.2141313158605782, AER = 0.8000874125874126
Timestamp: 1429872322.5812433
Perplexity = 2235873.232699264, Log-Likelihood = -1549789.2273349436
Recall = 0.1743437345220406, Precision = 0.21440151310456634, AER = 0.7997377622377623
Timestamp: 1429874635.7269814
Perplexity = 2235854.2769183284, Log-Likelihood = -1549776.0881888461
Recall = 0.17360079247152055, Precision = 0.2139673105497771, AER = 0.8002796958307841
Timestamp: 1429876472.5381446
Perplexity = 2235858.153574065, Log-Likelihood = -1549778.7752818533
Recall = 0.17409608717186725, Precision = 0.21423747129542078, AER = 0.799930076042304
Timestamp: 1429878289.1733806
Perplexity = 2235844.309258673, Log-Likelihood = -1549769.1791336401
Recall = 0.1743437345220406, Precision = 0.21410239092259895, AER = 0.799930076042304
Timestamp: 1429880178.5959885
Perplexity = 2235855.746236137, Log-Likelihood = -1549777.106642306
Recall = 0.17459138187221396, Precision = 0.21450763204106443, AER = 0.799580456253824
01:27:12 PM
