08:35:33 PM
IBM model 1
Resetting weights
Timestamp: 1429821448.9855983
Perplexity = 2253148.210898174, Log-Likelihood = -1561763.3297677916
Recall = 0.08593363051015354, Precision = 0.14657049537289057, AER = 0.8749341296328825
Timestamp: 1429822319.1699524
Perplexity = 2253418.396932905, Log-Likelihood = -1561950.608455984
Recall = 0.17360079247152055, Precision = 0.20989143546441497, AER = 0.8028524219497347
Timestamp: 1429823244.7100427
Perplexity = 2244753.5953730545, Log-Likelihood = -1555944.6256846394
Recall = 0.1411589895988113, Precision = 0.19024986420423684, AER = 0.827135590247325
Model 1 instance: <ibm.Model object at 0x7f28a5179250>
IBM model 2 initialized by IBM-M1
Timestamp: 1429824195.3186224
Perplexity = 2243988.8292621206, Log-Likelihood = -1555414.5302110845
Recall = 0.16394254581475978, Precision = 0.2086311530681052, AER = 0.8071247708024099
Timestamp: 1429826233.6212802
Perplexity = 2240285.522203648, Log-Likelihood = -1552847.5933647593
Recall = 0.16617137196631995, Precision = 0.20796758946657665, AER = 0.8067814384339771
Timestamp: 1429828245.1747727
Perplexity = 2238223.439520188, Log-Likelihood = -1551418.2665666267
Recall = 0.16988608221892026, Precision = 0.212559081701553, AER = 0.802499344577471
Timestamp: 1429830287.3558793
Perplexity = 2237064.908447326, Log-Likelihood = -1550615.2340198795
Recall = 0.17062902426944032, Precision = 0.2114787305874409, AER = 0.8029362929301757
Timestamp: 1429832327.8169036
Perplexity = 2236405.552023919, Log-Likelihood = -1550158.2029739837
Recall = 0.17310549777117384, Precision = 0.21312803889789303, AER = 0.8009963293130572
Timestamp: 1429834341.4410765
Perplexity = 2236038.0509546325, Log-Likelihood = -1549903.4706439537
Recall = 0.17310549777117384, Precision = 0.21272285251215559, AER = 0.8012585212375458
Timestamp: 1429836358.9493625
Perplexity = 2235848.036372402, Log-Likelihood = -1549771.7625720366
Recall = 0.17310549777117384, Precision = 0.21231766612641814, AER = 0.8015207131620345
Timestamp: 1429838375.1812422
Perplexity = 2235734.51342432, Log-Likelihood = -1549693.0744606333
Recall = 0.17261020307082714, Precision = 0.21285791464073472, AER = 0.8013459185457088
Timestamp: 1429840377.7013755
Perplexity = 2235654.530027326, Log-Likelihood = -1549637.6341945173
Recall = 0.1723625557206538, Precision = 0.21231766612641814, AER = 0.8017829050865233
Timestamp: 1429842378.2369025
Perplexity = 2235590.241708292, Log-Likelihood = -1549593.0729274338
Recall = 0.1723625557206538, Precision = 0.21312803889789303, AER = 0.8012585212375458
Timestamp: 1429844406.5848312
Perplexity = 2235529.3365836926, Log-Likelihood = -1549550.8567120407
Recall = 0.17261020307082714, Precision = 0.21285791464073472, AER = 0.8013459185457088
Timestamp: 1429846419.369685
Perplexity = 2235496.2469825735, Log-Likelihood = -1549527.9207483034
Recall = 0.1723625557206538, Precision = 0.2129929767693139, AER = 0.8013459185457088
Timestamp: 1429848472.863804
Perplexity = 2235464.771203895, Log-Likelihood = -1549506.103401094
Recall = 0.1728578504210005, Precision = 0.21326310102647217, AER = 0.8009963293130572
Timestamp: 1429850426.8050077
Perplexity = 2235448.7678537257, Log-Likelihood = -1549495.0107240244
Recall = 0.17310549777117384, Precision = 0.21339816315505133, AER = 0.8008215346967313
Timestamp: 1429852260.578588
Perplexity = 2235431.9274940696, Log-Likelihood = -1549483.3378762053
Recall = 0.1723625557206538, Precision = 0.21312803889789303, AER = 0.8012585212375458
Timestamp: 1429854064.0689704
Perplexity = 2235423.5721893176, Log-Likelihood = -1549477.5464202801
Recall = 0.1728578504210005, Precision = 0.21339816315505133, AER = 0.8009089320048942
Timestamp: 1429855786.9624078
Perplexity = 2235413.070591322, Log-Likelihood = -1549470.267267256
Recall = 0.17261020307082714, Precision = 0.21353322528363047, AER = 0.8009089320048942
Timestamp: 1429857387.2107902
Perplexity = 2235408.737682787, Log-Likelihood = -1549467.2639239049
Recall = 0.1743437345220406, Precision = 0.2143725516682426, AER = 0.799755266148064
Timestamp: 1429858969.5353932
Perplexity = 2235400.887549596, Log-Likelihood = -1549461.8226262126
Recall = 0.17409608717186725, Precision = 0.21410239092259895, AER = 0.800017480989424
Timestamp: 1429860569.1800137
Perplexity = 2235396.80770961, Log-Likelihood = -1549458.9946966388
Recall = 0.1743437345220406, Precision = 0.21464271241388627, AER = 0.799580456253824
Timestamp: 1429862626.7569473
Perplexity = 2235389.289012239, Log-Likelihood = -1549453.7831327077
Recall = 0.17409608717186725, Precision = 0.21423747129542078, AER = 0.799930076042304
Timestamp: 1429865222.0399098
Perplexity = 2235385.558107063, Log-Likelihood = -1549451.197066378
Recall = 0.17409608717186725, Precision = 0.21464271241388627, AER = 0.799667861200944
Timestamp: 1429867868.8277907
Perplexity = 2235379.347831646, Log-Likelihood = -1549446.892431454
Recall = 0.17409608717186725, Precision = 0.21450763204106443, AER = 0.799755266148064
Timestamp: 1429870484.1471598
Perplexity = 2235376.4059003056, Log-Likelihood = -1549444.853240064
Recall = 0.17409608717186725, Precision = 0.21477779278670808, AER = 0.799580456253824
Timestamp: 1429873091.4800854
Perplexity = 2235371.554987656, Log-Likelihood = -1549441.4908435857
Recall = 0.1733531451213472, Precision = 0.21450763204106443, AER = 0.800017480989424
Timestamp: 1429875202.4793496
Perplexity = 2235369.3738212106, Log-Likelihood = -1549439.9789742408
Recall = 0.1733531451213472, Precision = 0.21464271241388627, AER = 0.799930076042304
Timestamp: 1429877044.3806748
Perplexity = 2235366.164262764, Log-Likelihood = -1549437.7542778535
Recall = 0.1733531451213472, Precision = 0.21464271241388627, AER = 0.799930076042304
Timestamp: 1429878884.8297796
Perplexity = 2235364.3908737954, Log-Likelihood = -1549436.525058248
Recall = 0.1733531451213472, Precision = 0.21464271241388627, AER = 0.799930076042304
Timestamp: 1429880735.4860966
Perplexity = 2235361.8151985793, Log-Likelihood = -1549434.7397362604
Recall = 0.17360079247152055, Precision = 0.21477779278670808, AER = 0.799755266148064
Timestamp: 1429882440.513057
Perplexity = 2235360.6212045047, Log-Likelihood = -1549433.9121226475
Recall = 0.17360079247152055, Precision = 0.21450763204106443, AER = 0.799930076042304
Exporting weights...
01:56:29 PM
