08:35:33 PM
Model 1 instance: None
IBM model 2 with random weights
Resetting weights
Timestamp: 1429821436.3305972
Perplexity = 2253061.5571189225, Log-Likelihood = -1561703.2659449598
Recall = 0.09113422486379395, Precision = 0.1463779956427015, AER = 0.8732208750658935
Timestamp: 1429823388.5007284
Perplexity = 2249321.7246272448, Log-Likelihood = -1559111.0115975782
Recall = 0.14091134224863794, Precision = 0.18695241946353955, AER = 0.829274679235402
Timestamp: 1429825385.0315259
Perplexity = 2247161.8250705665, Log-Likelihood = -1557613.883309584
Recall = 0.1411589895988113, Precision = 0.1875757984099178, AER = 0.8287808709311458
Timestamp: 1429827408.5900483
Perplexity = 2245106.831286468, Log-Likelihood = -1556189.4701620692
Recall = 0.16369489846458643, Precision = 0.20366626229950127, AER = 0.8104215763288819
Timestamp: 1429829436.647072
Perplexity = 2243345.556877921, Log-Likelihood = -1554968.64777156
Recall = 0.16344725111441308, Precision = 0.20466810577441985, AER = 0.8098689956331877
Timestamp: 1429831481.950756
Perplexity = 2241570.4066083874, Log-Likelihood = -1553738.2073671916
Recall = 0.1686478454680535, Precision = 0.2080464425543405, AER = 0.8058540847531673
Timestamp: 1429833517.9536264
Perplexity = 2240309.094531378, Log-Likelihood = -1552863.9324571947
Recall = 0.16740960871718671, Precision = 0.2082095598163651, AER = 0.806186648025166
Timestamp: 1429835568.5455794
Perplexity = 2239383.9085336667, Log-Likelihood = -1552222.6423914048
Recall = 0.16740960871718671, Precision = 0.20810263335584064, AER = 0.8062571004107315
Timestamp: 1429837583.2845562
Perplexity = 2238654.4059876627, Log-Likelihood = -1551716.9897584505
Recall = 0.17013372956909362, Precision = 0.21107359891964889, AER = 0.8033732412828803
Timestamp: 1429839614.785998
Perplexity = 2237988.75388153, Log-Likelihood = -1551255.594877826
Recall = 0.17038137691926697, Precision = 0.21056185845488926, AER = 0.8036182485579444
Timestamp: 1429841666.0299544
Perplexity = 2237396.391944791, Log-Likelihood = -1550845.0008715156
Recall = 0.17261020307082714, Precision = 0.21191247974068073, AER = 0.8019576997028491
Timestamp: 1429843737.639949
Perplexity = 2236926.888647009, Log-Likelihood = -1550519.5659843842
Recall = 0.1728578504210005, Precision = 0.21231766612641814, AER = 0.8016081104701975
Timestamp: 1429845769.4573157
Perplexity = 2236533.2087811274, Log-Likelihood = -1550246.687895307
Recall = 0.1738484398216939, Precision = 0.212182603997839, AER = 0.8013459185457088
Timestamp: 1429847825.7039828
Perplexity = 2236317.856628358, Log-Likelihood = -1550097.4171578072
Recall = 0.17360079247152055, Precision = 0.21164235548352242, AER = 0.8017829050865233
Timestamp: 1429849882.20865
Perplexity = 2236193.5399784544, Log-Likelihood = -1550011.2474224186
Recall = 0.1743437345220406, Precision = 0.21272285251215559, AER = 0.8008215346967313
Timestamp: 1429851705.2780862
Perplexity = 2236107.1203497285, Log-Likelihood = -1549951.3459004047
Recall = 0.1743437345220406, Precision = 0.21258779038357645, AER = 0.8009089320048942
Timestamp: 1429853500.7137525
Perplexity = 2236039.822250387, Log-Likelihood = -1549904.6984125809
Recall = 0.1748390292223873, Precision = 0.212182603997839, AER = 0.8009963293130572
Timestamp: 1429855248.8691757
Perplexity = 2235990.1608964605, Log-Likelihood = -1549870.2757851318
Recall = 0.17508667657256066, Precision = 0.21272285251215559, AER = 0.8005593427722426
Timestamp: 1429856890.6695843
Perplexity = 2235947.893692298, Log-Likelihood = -1549840.9783917393
Recall = 0.17508667657256066, Precision = 0.2124527282549973, AER = 0.8007341373885685
Timestamp: 1429858480.6141055
Perplexity = 2235903.40077603, Log-Likelihood = -1549810.1382522944
Recall = 0.17508667657256066, Precision = 0.21258779038357645, AER = 0.8006467400804055
Timestamp: 1429860096.3781402
Perplexity = 2235870.5762082776, Log-Likelihood = -1549787.3859956642
Recall = 0.17508667657256066, Precision = 0.21258779038357645, AER = 0.8006467400804055
Timestamp: 1429861897.0749073
Perplexity = 2235845.764130991, Log-Likelihood = -1549770.1875742648
Recall = 0.1748390292223873, Precision = 0.21231766612641814, AER = 0.8009089320048942
Timestamp: 1429864927.0159087
Perplexity = 2235823.932592263, Log-Likelihood = -1549755.0551047754
Recall = 0.17533432392273401, Precision = 0.2129929767693139, AER = 0.8002971508477539
Timestamp: 1429867676.8335536
Perplexity = 2235800.239237822, Log-Likelihood = -1549738.6321229327
Recall = 0.17533432392273401, Precision = 0.21339816315505133, AER = 0.8000349589232651
Timestamp: 1429870304.3712645
Perplexity = 2235769.7332982337, Log-Likelihood = -1549717.4870169305
Recall = 0.17582961862308075, Precision = 0.21353322528363047, AER = 0.7997727669987764
Timestamp: 1429872903.8855343
Perplexity = 2235740.976846241, Log-Likelihood = -1549697.5545632795
Recall = 0.17582961862308075, Precision = 0.21353322528363047, AER = 0.7997727669987764
Timestamp: 1429875035.9357803
Perplexity = 2235721.148549217, Log-Likelihood = -1549683.8106351155
Recall = 0.17582961862308075, Precision = 0.2136682874122096, AER = 0.7996853696906135
Timestamp: 1429876885.8875377
Perplexity = 2235707.567331592, Log-Likelihood = -1549674.3968524004
Recall = 0.1760772659732541, Precision = 0.21380334954078875, AER = 0.7995105750742877
Timestamp: 1429878751.529914
Perplexity = 2235697.4417056083, Log-Likelihood = -1549667.3783033092
Recall = 0.17582961862308075, Precision = 0.21393841166936792, AER = 0.7995105750742877
Timestamp: 1429880635.108903
Perplexity = 2235689.839270494, Log-Likelihood = -1549662.1086968256
Recall = 0.1760772659732541, Precision = 0.21393841166936792, AER = 0.7994231777661248
Exporting weights...
01:33:43 PM
