08:35:33 PM
Model 1 instance: None
IBM model 2 with random weights
Resetting weights
Timestamp: 1429821445.986396
Perplexity = 2253282.874986542, Log-Likelihood = -1561856.6718009375
Recall = 0.08915304606240713, Precision = 0.14991157665623725, AER = 0.8716305206778471
Timestamp: 1429823425.7173367
Perplexity = 2250552.193942835, Log-Likelihood = -1559963.9079344806
Recall = 0.1411589895988113, Precision = 0.18815471394037067, AER = 0.8283699059561128
Timestamp: 1429825430.8758867
Perplexity = 2247485.0191462436, Log-Likelihood = -1557837.9043719263
Recall = 0.1411589895988113, Precision = 0.1867348311583479, AER = 0.8293086914828698
Timestamp: 1429827472.8375475
Perplexity = 2245435.303953354, Log-Likelihood = -1556417.1500650123
Recall = 0.1589895988112927, Precision = 0.20029593758407319, AER = 0.8142433751743375
Timestamp: 1429829482.0913868
Perplexity = 2243843.5775551344, Log-Likelihood = -1555313.8493998884
Recall = 0.16097077761267956, Precision = 0.20161725067385444, AER = 0.8127072787572002
Timestamp: 1429831518.1963544
Perplexity = 2242022.541590292, Log-Likelihood = -1554051.6034551484
Recall = 0.16765725606736007, Precision = 0.20550532991499124, AER = 0.8078434797798935
Timestamp: 1429833532.554955
Perplexity = 2240507.326299546, Log-Likelihood = -1553001.3362484437
Recall = 0.16716196136701336, Precision = 0.20699432892249528, AER = 0.8070604683677036
Timestamp: 1429835562.6233718
Perplexity = 2239349.1272555552, Log-Likelihood = -1552198.5338465606
Recall = 0.1681525507677068, Precision = 0.20780448285174183, AER = 0.806186648025166
Timestamp: 1429837570.8990107
Perplexity = 2238478.015584227, Log-Likelihood = -1551594.7252476453
Recall = 0.1691431401684002, Precision = 0.20918298446995273, AER = 0.8049462553526173
Timestamp: 1429839603.5195973
Perplexity = 2237712.6555316746, Log-Likelihood = -1551064.2180850776
Recall = 0.1696384348687469, Precision = 0.20918298446995273, AER = 0.8047714760115354
Timestamp: 1429841646.7617412
Perplexity = 2237096.899386341, Log-Likelihood = -1550637.408449026
Recall = 0.17137196631996038, Precision = 0.2098582039162728, AER = 0.8037227999650441
Timestamp: 1429843698.276536
Perplexity = 2236618.703228547, Log-Likelihood = -1550305.9481305114
Recall = 0.1723625557206538, Precision = 0.2099932478055368, AER = 0.8032858516123395
Timestamp: 1429845689.8367715
Perplexity = 2236277.098922617, Log-Likelihood = -1550069.1660690175
Recall = 0.17211490837048044, Precision = 0.21053342336259284, AER = 0.8030236826007167
Timestamp: 1429847710.5784285
Perplexity = 2236052.991423661, Log-Likelihood = -1549913.8265879392
Recall = 0.17261020307082714, Precision = 0.2104267963263101, AER = 0.8029190700926412
Timestamp: 1429849747.4333518
Perplexity = 2235908.7263975847, Log-Likelihood = -1549813.8296918676
Recall = 0.1723625557206538, Precision = 0.21056185845488926, AER = 0.8029190700926412
Timestamp: 1429851560.5103421
Perplexity = 2235810.4473784333, Log-Likelihood = -1549745.7078668352
Recall = 0.1733531451213472, Precision = 0.21150729335494328, AER = 0.8019576997028491
Timestamp: 1429853375.7352643
Perplexity = 2235713.531306849, Log-Likelihood = -1549678.5307650848
Recall = 0.1728578504210005, Precision = 0.21110210696920584, AER = 0.8023946862436637
Timestamp: 1429855110.4501288
Perplexity = 2235659.6524606566, Log-Likelihood = -1549641.1847947517
Recall = 0.17310549777117384, Precision = 0.21113062272051872, AER = 0.8022900096145442
Timestamp: 1429856744.346818
Perplexity = 2235593.845455378, Log-Likelihood = -1549595.5708545824
Recall = 0.1738484398216939, Precision = 0.21140078346616237, AER = 0.8018529848789442
Timestamp: 1429858344.5340867
Perplexity = 2235566.2139953575, Log-Likelihood = -1549576.4181859642
Recall = 0.17409608717186725, Precision = 0.2115358638389842, AER = 0.8016781749847042
Timestamp: 1429859951.8821654
Perplexity = 2235519.1218238072, Log-Likelihood = -1549543.77638001
Recall = 0.17409608717186725, Precision = 0.21180602458462786, AER = 0.8015033650904642
Timestamp: 1429861615.2351794
Perplexity = 2235498.2950008293, Log-Likelihood = -1549529.3403263986
Recall = 0.1743437345220406, Precision = 0.2115358638389842, AER = 0.8015907700375842
Timestamp: 1429864391.0288665
Perplexity = 2235460.8835310717, Log-Likelihood = -1549503.4086715896
Recall = 0.1743437345220406, Precision = 0.21167094421180602, AER = 0.8015033650904642
Timestamp: 1429867096.9415493
Perplexity = 2235434.755737306, Log-Likelihood = -1549485.2982650334
Recall = 0.17459138187221396, Precision = 0.2115358638389842, AER = 0.8015033650904642
Timestamp: 1429869747.1235354
Perplexity = 2235397.8115360793, Log-Likelihood = -1549459.6904961222
Recall = 0.1738484398216939, Precision = 0.21113062272051872, AER = 0.8020277947731842
Timestamp: 1429872375.4746544
Perplexity = 2235364.7512300285, Log-Likelihood = -1549436.7748381633
Recall = 0.1738484398216939, Precision = 0.21099554234769688, AER = 0.8021151997203042
Timestamp: 1429874649.4501674
Perplexity = 2235328.6061561345, Log-Likelihood = -1549411.7209820899
Recall = 0.17409608717186725, Precision = 0.21099554234769688, AER = 0.8020277947731842
Timestamp: 1429876497.1411061
Perplexity = 2235296.072256306, Log-Likelihood = -1549389.1702011703
Recall = 0.17409608717186725, Precision = 0.21113062272051872, AER = 0.8019403898260642
Timestamp: 1429878315.3214495
Perplexity = 2235266.008089946, Log-Likelihood = -1549368.331309002
Recall = 0.1738484398216939, Precision = 0.21099554234769688, AER = 0.8021151997203042
Timestamp: 1429880195.0656638
Perplexity = 2235239.680324902, Log-Likelihood = -1549350.0822929402
Recall = 0.17409608717186725, Precision = 0.21113062272051872, AER = 0.8019403898260642
01:27:42 PM
