08:35:33 PM
IBM model 1
Resetting weights
Timestamp: 1429821445.1726942
Perplexity = 2254461.8600127646, Log-Likelihood = -1562673.8819477863
Recall = 0.08320950965824665, Precision = 0.14512227895726956, AER = 0.8766550522648083
Timestamp: 1429822304.5191174
Perplexity = 2252008.697826238, Log-Likelihood = -1560973.4794947337
Recall = 0.1505695889053987, Precision = 0.19918864097363084, AER = 0.8179830315752645
Timestamp: 1429823221.2155511
Perplexity = 2244904.048551108, Log-Likelihood = -1556048.911880757
Recall = 0.14239722634967805, Precision = 0.18786244099797708, AER = 0.8281672924124683
Timestamp: 1429824171.428179
Perplexity = 2242717.165411691, Log-Likelihood = -1554533.0799985046
Recall = 0.15948489351163941, Precision = 0.2051005262447713, AER = 0.810987859201677
Timestamp: 1429825113.0953155
Perplexity = 2241299.6633162852, Log-Likelihood = -1553550.5424176306
Recall = 0.15502724120851907, Precision = 0.1996220812525307, AER = 0.81610902419848
Timestamp: 1429826041.825719
Perplexity = 2240584.641045304, Log-Likelihood = -1553054.926746471
Recall = 0.16319960376423973, Precision = 0.20785531110811176, AER = 0.8078972656591247
Timestamp: 1429826962.211638
Perplexity = 2240065.77551246, Log-Likelihood = -1552695.2765652968
Recall = 0.16047548291233285, Precision = 0.20537402106400215, AER = 0.8104683677036002
Timestamp: 1429827915.6383758
Perplexity = 2239855.520022579, Log-Likelihood = -1552549.5385652697
Recall = 0.1644378405151065, Precision = 0.20845146483056567, AER = 0.8070773263433814
Timestamp: 1429828843.7875953
Perplexity = 2239575.601195595, Log-Likelihood = -1552355.5136195656
Recall = 0.16394254581475978, Precision = 0.20861463678098838, AER = 0.8071478504019574
Timestamp: 1429829767.7667122
Perplexity = 2239533.213637128, Log-Likelihood = -1552326.1328029134
Recall = 0.16369489846458643, Precision = 0.20780448285174183, AER = 0.8077595246417337
Timestamp: 1429830698.0991251
Perplexity = 2239357.119342307, Log-Likelihood = -1552204.0735389858
Recall = 0.16394254581475978, Precision = 0.2082095598163651, AER = 0.8074099965047186
Timestamp: 1429831647.1900256
Perplexity = 2239372.4753617872, Log-Likelihood = -1552214.717520546
Recall = 0.16394254581475978, Precision = 0.20729237002025658, AER = 0.8080048938215503
Timestamp: 1429832580.209978
Perplexity = 2239248.8397519384, Log-Likelihood = -1552129.0198461693
Recall = 0.16468548786527984, Precision = 0.20753443154199297, AER = 0.8075847605732261
Timestamp: 1429833513.1152375
Perplexity = 2239284.122808403, Log-Likelihood = -1552153.476197311
Recall = 0.16245666171371967, Precision = 0.20661715057393654, AER = 0.8089661801975007
Timestamp: 1429834466.2692902
Perplexity = 2239188.3813278847, Log-Likelihood = -1552087.1132600135
Recall = 0.16419019316493313, Precision = 0.2071293545773697, AER = 0.8080216707444949
Timestamp: 1429835393.6017706
Perplexity = 2239228.8015145543, Log-Likelihood = -1552115.1303984362
Recall = 0.16295195641406637, Precision = 0.2069151809832523, AER = 0.8085998951232303
Timestamp: 1429836307.7511036
Perplexity = 2239151.631628193, Log-Likelihood = -1552061.6403092684
Recall = 0.16319960376423973, Precision = 0.20702228224172856, AER = 0.808441842174255
Timestamp: 1429837243.5725436
Perplexity = 2239191.107132124, Log-Likelihood = -1552089.0026435286
Recall = 0.16220901436354632, Precision = 0.20583468395461912, AER = 0.8095612655130222
Timestamp: 1429838173.0896735
Perplexity = 2239128.627448999, Log-Likelihood = -1552045.6950273148
Recall = 0.16270430906389302, Precision = 0.20667297041739835, AER = 0.8088453806485447
Timestamp: 1429839116.9774427
Perplexity = 2239164.2203504196, Log-Likelihood = -1552070.366146567
Recall = 0.16196136701337296, Precision = 0.20572740780764556, AER = 0.8097194301197448
Timestamp: 1429840038.8665419
Perplexity = 2239114.4006804978, Log-Likelihood = -1552035.8337828538
Recall = 0.16270430906389302, Precision = 0.20613264892611102, AER = 0.8091950004370247
Timestamp: 1429840979.1385622
Perplexity = 2239144.306163175, Log-Likelihood = -1552056.5626838498
Recall = 0.16220901436354632, Precision = 0.20626772929893286, AER = 0.8092824053841448
Timestamp: 1429841915.030155
Perplexity = 2239105.840574481, Log-Likelihood = -1552029.900369468
Recall = 0.16220901436354632, Precision = 0.2059975685532892, AER = 0.8094572152783848
Timestamp: 1429842863.374647
Perplexity = 2239128.948663176, Log-Likelihood = -1552045.9176760206
Recall = 0.1617137196631996, Precision = 0.20586248818046737, AER = 0.8097194301197448
Timestamp: 1429843795.8282464
Perplexity = 2239100.689846013, Log-Likelihood = -1552026.3301565838
Recall = 0.16196136701337296, Precision = 0.20586248818046737, AER = 0.8096320251726248
Timestamp: 1429844729.9072685
Perplexity = 2239116.6809622566, Log-Likelihood = -1552037.4143537057
Recall = 0.1617137196631996, Precision = 0.20586248818046737, AER = 0.8097194301197448
Timestamp: 1429845665.4356575
Perplexity = 2239097.3333627754, Log-Likelihood = -1552024.0036196702
Recall = 0.16196136701337296, Precision = 0.20586248818046737, AER = 0.8096320251726248
Timestamp: 1429846579.265122
Perplexity = 2239106.8226106693, Log-Likelihood = -1552030.5810651165
Recall = 0.1617137196631996, Precision = 0.2059975685532892, AER = 0.8096320251726248
Timestamp: 1429847524.0736587
Perplexity = 2239094.7452656175, Log-Likelihood = -1552022.2096874302
Recall = 0.16146607231302626, Precision = 0.20559232743482372, AER = 0.8099816449611048
Timestamp: 1429848492.7558596
Perplexity = 2239098.9985790825, Log-Likelihood = -1552025.1578596903
Recall = 0.16146607231302626, Precision = 0.20572740780764556, AER = 0.8098942400139848
Model 1 instance: <ibm.Model object at 0x7f36ddc0d210>
Exporting weights...
04:25:18 AM
