08:35:33 PM
Model 1 instance: None
IBM model 2 with random weights
Resetting weights
Timestamp: 1429821444.0807443
Perplexity = 2252527.4540602737, Log-Likelihood = -1561333.053915716
Recall = 0.07677067855373948, Precision = 0.14437918317169784, AER = 0.8796548991988732
Timestamp: 1429823403.7993968
Perplexity = 2250371.4636070947, Log-Likelihood = -1559838.6352118
Recall = 0.1342248637939574, Precision = 0.18475191609519967, AER = 0.8330283224400872
Timestamp: 1429825411.1773982
Perplexity = 2247287.489110264, Log-Likelihood = -1557700.986984373
Recall = 0.1369489846458643, Precision = 0.18368994751715786, AER = 0.8327665881942627
Timestamp: 1429827441.952417
Perplexity = 2245816.822027547, Log-Likelihood = -1556681.5982424438
Recall = 0.14982664685487865, Precision = 0.19561415310103591, AER = 0.8205038793479209
Timestamp: 1429829476.3667412
Perplexity = 2244220.6974613466, Log-Likelihood = -1555575.2489995852
Recall = 0.1515601783060921, Precision = 0.19787033292896616, AER = 0.8184516016409182
Timestamp: 1429831503.3657064
Perplexity = 2242650.1612000004, Log-Likelihood = -1554486.636218028
Recall = 0.15874195146111936, Precision = 0.20399352401511064, AER = 0.8119650655021834
Timestamp: 1429833509.6960618
Perplexity = 2241376.487312548, Log-Likelihood = -1553603.7927540268
Recall = 0.16394254581475978, Precision = 0.2066963683002565, AER = 0.8083879423328965
Timestamp: 1429835524.221923
Perplexity = 2240333.4699385925, Log-Likelihood = -1552880.8282019633
Recall = 0.16740960871718671, Precision = 0.20939651680842447, AER = 0.8054172127566623
Timestamp: 1429837542.981021
Perplexity = 2239496.026886922, Log-Likelihood = -1552300.3569118246
Recall = 0.1696384348687469, Precision = 0.20996489332973264, AER = 0.8042642432715834
Timestamp: 1429839563.960123
Perplexity = 2238891.2756925905, Log-Likelihood = -1551881.1753265539
Recall = 0.17062902426944032, Precision = 0.21050499594923036, AER = 0.8035651869975533
Timestamp: 1429841602.529975
Perplexity = 2238330.4206812875, Log-Likelihood = -1551492.42025676
Recall = 0.1728578504210005, Precision = 0.21212530380772346, AER = 0.8017301642782244
Timestamp: 1429843659.6244924
Perplexity = 2237878.230988867, Log-Likelihood = -1551178.986246397
Recall = 0.17459138187221396, Precision = 0.21296421336934504, AER = 0.8005767718255702
Timestamp: 1429845696.6501405
Perplexity = 2237524.151706899, Log-Likelihood = -1550933.5571903766
Recall = 0.17459138187221396, Precision = 0.21296421336934504, AER = 0.8005767718255702
Timestamp: 1429847743.8626947
Perplexity = 2237342.5140013555, Log-Likelihood = -1550807.6555268944
Recall = 0.17582961862308075, Precision = 0.2139095205941931, AER = 0.7995280957790789
Timestamp: 1429849784.1822326
Perplexity = 2237212.8675633967, Log-Likelihood = -1550717.7914639707
Recall = 0.1760772659732541, Precision = 0.21458474004051317, AER = 0.7990037577558333
Timestamp: 1429851609.8283162
Perplexity = 2237123.592259133, Log-Likelihood = -1550655.9105385228
Recall = 0.1760772659732541, Precision = 0.21458474004051317, AER = 0.7990037577558333
Timestamp: 1429853407.2773843
Perplexity = 2237043.3119305614, Log-Likelihood = -1550600.2644551026
Recall = 0.1765725606736008, Precision = 0.2152599594868332, AER = 0.7983920300620466
Timestamp: 1429855145.3501692
Perplexity = 2236973.6282732678, Log-Likelihood = -1550551.9634245166
Recall = 0.1760772659732541, Precision = 0.21512491559756922, AER = 0.7986541990736695
Timestamp: 1429856805.8736181
Perplexity = 2236905.0818416765, Log-Likelihood = -1550504.4506587563
Recall = 0.17582961862308075, Precision = 0.21488384656942194, AER = 0.7988987939171474
Timestamp: 1429858407.6823468
Perplexity = 2236846.437518219, Log-Likelihood = -1550463.801511283
Recall = 0.1760772659732541, Precision = 0.21515397082658022, AER = 0.7986366019926586
Timestamp: 1429860010.4045105
Perplexity = 2236786.805758476, Log-Likelihood = -1550422.4679251383
Recall = 0.17632491332342745, Precision = 0.21474878444084278, AER = 0.7988113966089845
Timestamp: 1429861731.0697324
Perplexity = 2236732.8852261435, Log-Likelihood = -1550385.0930601724
Recall = 0.17632491332342745, Precision = 0.21515397082658022, AER = 0.7985492046844958
Timestamp: 1429864653.9168644
Perplexity = 2236677.389373762, Log-Likelihood = -1550346.6262665698
Recall = 0.17632491332342745, Precision = 0.21488384656942194, AER = 0.7987239993008215
Timestamp: 1429867455.9057407
Perplexity = 2236626.4640515517, Log-Likelihood = -1550311.3275230702
Recall = 0.17632491332342745, Precision = 0.21474878444084278, AER = 0.7988113966089845
Timestamp: 1429870106.0858755
Perplexity = 2236575.04650155, Log-Likelihood = -1550275.6875932498
Recall = 0.1760772659732541, Precision = 0.21407347379794706, AER = 0.7993357804579619
Timestamp: 1429872715.4982476
Perplexity = 2236530.216529511, Log-Likelihood = -1550244.613824527
Recall = 0.1760772659732541, Precision = 0.21393841166936792, AER = 0.7994231777661248
Timestamp: 1429874930.717855
Perplexity = 2236487.048034384, Log-Likelihood = -1550214.6917038055
Recall = 0.1765725606736008, Precision = 0.21434359805510536, AER = 0.7989861912253102
Timestamp: 1429876738.9792893
Perplexity = 2236451.280177624, Log-Likelihood = -1550189.8993147651
Recall = 0.17731550272412086, Precision = 0.2144786601836845, AER = 0.7986366019926586
Timestamp: 1429878572.6816444
Perplexity = 2236415.6082035024, Log-Likelihood = -1550165.1733864942
Recall = 0.1770678553739475, Precision = 0.21434359805510536, AER = 0.7988113966089845
Timestamp: 1429880443.5101364
Perplexity = 2236387.7961370368, Log-Likelihood = -1550145.8955310283
Recall = 0.17731550272412086, Precision = 0.2144786601836845, AER = 0.7986366019926586
01:30:44 PM
