11:40:05 PM
Model 1 instance: None
IBM model 2 with random weights
Resetting weights
Timestamp: 1429821623.8771615
Perplexity = 493888.6836414777, Log-Likelihood = -342337.5485765525
Recall = 0.0871718672610203, Precision = 0.15616512764801738, AER = 0.8682687247851254
Timestamp: 1429821891.1225142
Perplexity = 492332.2427462417, Log-Likelihood = -341258.7059583123
Recall = 0.13125309559187717, Precision = 0.18533604887983707, AER = 0.8338156625449443
Timestamp: 1429822189.1845944
Perplexity = 491880.60575811553, Log-Likelihood = -340945.655053356
Recall = 0.1436354631005448, Precision = 0.19487040303976116, AER = 0.8232664153589901
Timestamp: 1429822495.41007
Perplexity = 491679.9517118441, Log-Likelihood = -340806.57226691465
Recall = 0.15626547795938583, Precision = 0.20072746867843191, AER = 0.8149376145188029
Timestamp: 1429822801.8939388
Perplexity = 491436.8987586574, Log-Likelihood = -340638.100797687
Recall = 0.1565131253095592, Precision = 0.20245647185855042, AER = 0.8137503275967503
Timestamp: 1429823128.8777077
Perplexity = 491193.82024541276, Log-Likelihood = -340469.6116115738
Recall = 0.158494304110946, Precision = 0.20418636056718434, AER = 0.8119374289958927
Timestamp: 1429823435.0640595
Perplexity = 490934.48059067695, Log-Likelihood = -340289.85106108815
Recall = 0.1589895988112927, Precision = 0.2046467648250709, AER = 0.8114675290621449
Timestamp: 1429823754.886536
Perplexity = 490719.1944924867, Log-Likelihood = -340140.6261091109
Recall = 0.1589895988112927, Precision = 0.20518708631635824, AER = 0.8111179092736649
Timestamp: 1429824072.0506885
Perplexity = 490581.20354464895, Log-Likelihood = -340044.97807267756
Recall = 0.15874195146111936, Precision = 0.20518708631635824, AER = 0.8112053142207849
Timestamp: 1429824404.9912393
Perplexity = 490509.6118507329, Log-Likelihood = -339995.354491887
Recall = 0.158494304110946, Precision = 0.20545724706200189, AER = 0.8111179092736649
Timestamp: 1429824717.523018
Perplexity = 490461.39849254506, Log-Likelihood = -339961.9355385946
Recall = 0.15874195146111936, Precision = 0.20569962182603999, AER = 0.8108722251354659
Timestamp: 1429825026.8752544
Perplexity = 490430.13025805115, Log-Likelihood = -339940.2620500128
Recall = 0.15948489351163941, Precision = 0.20596974608319826, AER = 0.8104352385946513
Timestamp: 1429825393.527033
Perplexity = 490407.6370690206, Log-Likelihood = -339924.6709594562
Recall = 0.15923724616146606, Precision = 0.20583468395461912, AER = 0.8106100332109771
Timestamp: 1429825721.526907
Perplexity = 490391.8692475272, Log-Likelihood = -339913.7415384416
Recall = 0.15923724616146606, Precision = 0.20596974608319826, AER = 0.8105226359028141
Timestamp: 1429826027.5528266
Perplexity = 490379.98204132344, Log-Likelihood = -339905.50195497886
Recall = 0.15923724616146606, Precision = 0.20596974608319826, AER = 0.8105226359028141
Timestamp: 1429826334.7876725
Perplexity = 490370.54089220514, Log-Likelihood = -339898.95784908574
Recall = 0.15824665676077265, Precision = 0.20542949756888168, AER = 0.8112218143681175
Timestamp: 1429826644.901677
Perplexity = 490360.7289646828, Log-Likelihood = -339892.1567391891
Recall = 0.15824665676077265, Precision = 0.20542949756888168, AER = 0.8112218143681175
Timestamp: 1429826954.248274
Perplexity = 490350.4903951563, Log-Likelihood = -339885.0599035899
Recall = 0.15676077265973254, Precision = 0.20434900054024852, AER = 0.8124453766823982
Timestamp: 1429827261.8461535
Perplexity = 490340.1372578503, Log-Likelihood = -339877.88365565496
Recall = 0.15676077265973254, Precision = 0.20434900054024852, AER = 0.8124453766823982
Timestamp: 1429827569.7111924
Perplexity = 490330.99152340274, Log-Likelihood = -339871.54431560927
Recall = 0.1570084200099059, Precision = 0.20448406266882765, AER = 0.8122705820660724
Timestamp: 1429827875.4909012
Perplexity = 490323.4076509407, Log-Likelihood = -339866.28757579334
Recall = 0.15725606736007924, Precision = 0.20461912479740682, AER = 0.8120957874497465
Timestamp: 1429828182.6257203
Perplexity = 490317.7375114625, Log-Likelihood = -339862.35733460065
Recall = 0.1570084200099059, Precision = 0.2048892490545651, AER = 0.8120083901415837
Timestamp: 1429828488.4533622
Perplexity = 490313.3826490717, Log-Likelihood = -339859.33877401287
Recall = 0.1570084200099059, Precision = 0.20475418692598596, AER = 0.8120957874497465
Timestamp: 1429828794.8178942
Perplexity = 490309.78938931925, Log-Likelihood = -339856.8481161484
Recall = 0.15725606736007924, Precision = 0.20502431118314424, AER = 0.8118335955252578
Timestamp: 1429829100.849244
Perplexity = 490306.6393544118, Log-Likelihood = -339854.6646783332
Recall = 0.1575037147102526, Precision = 0.2051593733117234, AER = 0.811658800908932
Timestamp: 1429829406.8948956
Perplexity = 490303.8222356843, Log-Likelihood = -339852.7120004293
Recall = 0.1579990094105993, Precision = 0.20569962182603999, AER = 0.8111344170599546
Timestamp: 1429829713.4029782
Perplexity = 490300.7357788561, Log-Likelihood = -339850.57263158116
Recall = 0.15775136206042595, Precision = 0.20569962182603999, AER = 0.8112218143681175
Timestamp: 1429830018.943921
Perplexity = 490297.2936168378, Log-Likelihood = -339848.18670668564
Recall = 0.15775136206042595, Precision = 0.20569962182603999, AER = 0.8112218143681175
Timestamp: 1429830324.850464
Perplexity = 490293.47539017303, Log-Likelihood = -339845.540113635
Recall = 0.15775136206042595, Precision = 0.20569962182603999, AER = 0.8112218143681175
Timestamp: 1429830631.0722737
Perplexity = 490289.6732981432, Log-Likelihood = -339842.90470426355
Recall = 0.158494304110946, Precision = 0.20610480821177743, AER = 0.81069743051914
Timestamp: 1429830937.896952
Perplexity = 490285.6191050025, Log-Likelihood = -339840.0945517195
Recall = 0.15824665676077265, Precision = 0.2063749324689357, AER = 0.8106100332109771
Timestamp: 1429831252.764042
Perplexity = 490281.93850107666, Log-Likelihood = -339837.5433514847
Recall = 0.15824665676077265, Precision = 0.2063749324689357, AER = 0.8106100332109771
Timestamp: 1429831568.237312
Perplexity = 490278.21001642005, Log-Likelihood = -339834.9589628579
Recall = 0.15874195146111936, Precision = 0.206645056726094, AER = 0.8102604439783254
Timestamp: 1429831872.1201174
Perplexity = 490274.8352306016, Log-Likelihood = -339832.6197395834
Recall = 0.15874195146111936, Precision = 0.20678011885467315, AER = 0.8101730466701625
Timestamp: 1429832178.0977743
Perplexity = 490271.635569002, Log-Likelihood = -339830.40190316684
Recall = 0.1589895988112927, Precision = 0.2069151809832523, AER = 0.8099982520538367
Timestamp: 1429832484.822728
Perplexity = 490268.9319446166, Log-Likelihood = -339828.5278935465
Recall = 0.1589895988112927, Precision = 0.2069151809832523, AER = 0.8099982520538367
Timestamp: 1429832792.0181007
Perplexity = 490266.9483994942, Log-Likelihood = -339827.1530048362
Recall = 0.1589895988112927, Precision = 0.20678011885467315, AER = 0.8100856493619997
Timestamp: 1429833098.6497629
Perplexity = 490265.5058158911, Log-Likelihood = -339826.15308207873
Recall = 0.1589895988112927, Precision = 0.20678011885467315, AER = 0.8100856493619997
Timestamp: 1429833404.3768005
Perplexity = 490264.31897680485, Log-Likelihood = -339825.33042791235
Recall = 0.15948489351163941, Precision = 0.20705024311183146, AER = 0.809736060129348
Timestamp: 1429833711.2967775
Perplexity = 490263.28626499156, Log-Likelihood = -339824.6146066331
Recall = 0.15948489351163941, Precision = 0.20705024311183146, AER = 0.809736060129348
Exporting weights...
03:07:13 AM
