10:39:23 PM
IBM model 1
Resetting weights
Timestamp: 1429821590.2458634
Perplexity = 493901.58729500504, Log-Likelihood = -342346.49270761444
Recall = 0.09212481426448738, Precision = 0.16096634093376763, AER = 0.8634052253200071
Timestamp: 1429821788.814876
Perplexity = 493415.7601040064, Log-Likelihood = -342009.7429599338
Recall = 0.13298662704309064, Precision = 0.18672032193158955, AER = 0.8321587052988776
Timestamp: 1429822004.3967955
Perplexity = 491758.2733684453, Log-Likelihood = -340860.860702365
Recall = 0.13620604259534422, Precision = 0.19100665670425215, AER = 0.8284060005263619
Model 1 instance: <ibm.Model object at 0x7f9a9730c2b0>
IBM model 2 initialized by IBM-M1
Timestamp: 1429822221.456267
Perplexity = 491560.6580846809, Log-Likelihood = -340723.88422558893
Recall = 0.15180782565626547, Precision = 0.2022822986007336, AER = 0.8155978594613562
Timestamp: 1429822660.083884
Perplexity = 490758.5375278793, Log-Likelihood = -340167.89662317216
Recall = 0.15477959385834572, Precision = 0.20410381845359424, AER = 0.8133719399842063
Timestamp: 1429823082.54677
Perplexity = 490278.17168160906, Log-Likelihood = -339834.93239119154
Recall = 0.1565131253095592, Precision = 0.2062780269058296, AER = 0.8113538650522067
Timestamp: 1429823517.579173
Perplexity = 490030.89129888115, Log-Likelihood = -339663.5306910967
Recall = 0.1575037147102526, Precision = 0.2062780269058296, AER = 0.8110028954988155
Timestamp: 1429824201.0867474
Perplexity = 489901.5729145657, Log-Likelihood = -339573.8940176142
Recall = 0.1579990094105993, Precision = 0.2061141304347826, AER = 0.8109317424109492
Timestamp: 1429825105.4428506
Perplexity = 489823.5044104968, Log-Likelihood = -339519.78105412907
Recall = 0.1579990094105993, Precision = 0.20557065217391304, AER = 0.8112826811721354
Timestamp: 1429826132.2186544
Perplexity = 489759.9558096245, Log-Likelihood = -339475.73252060584
Recall = 0.15948489351163941, Precision = 0.20679347826086958, AER = 0.8099666608176873
Timestamp: 1429826624.7934895
Perplexity = 489702.0241578651, Log-Likelihood = -339435.57735952205
Recall = 0.15998018821198612, Precision = 0.2076086956521739, AER = 0.8092647832953149
Timestamp: 1429827183.0734305
Perplexity = 489651.20439061715, Log-Likelihood = -339400.35178113997
Recall = 0.16097077761267956, Precision = 0.20842391304347826, AER = 0.8083874363923496
Timestamp: 1429827768.685075
Perplexity = 489609.1220631193, Log-Likelihood = -339371.1825344796
Recall = 0.16097077761267956, Precision = 0.20828804347826088, AER = 0.8084751710826461
Timestamp: 1429828787.0347893
Perplexity = 489576.7890164557, Log-Likelihood = -339348.7709743497
Recall = 0.16146607231302626, Precision = 0.20842391304347826, AER = 0.8082119670117565
Timestamp: 1429829432.4885216
Perplexity = 489553.39454593166, Log-Likelihood = -339332.555163065
Recall = 0.16270430906389302, Precision = 0.20896739130434783, AER = 0.8074223547990875
Timestamp: 1429829851.1314979
Perplexity = 489537.1376532764, Log-Likelihood = -339321.2867437544
Recall = 0.16270430906389302, Precision = 0.20883152173913044, AER = 0.8075100894893841
Timestamp: 1429830267.852942
Perplexity = 489524.8513165975, Log-Likelihood = -339312.7705041245
Recall = 0.16270430906389302, Precision = 0.20855978260869565, AER = 0.8076855588699772
Timestamp: 1429830683.4036202
Perplexity = 489515.5286059953, Log-Likelihood = -339306.3084935557
Recall = 0.16295195641406637, Precision = 0.20869565217391303, AER = 0.8075100894893841
Timestamp: 1429831098.388057
Perplexity = 489507.6795954017, Log-Likelihood = -339300.8679739949
Recall = 0.16295195641406637, Precision = 0.20869565217391303, AER = 0.8075100894893841
Timestamp: 1429831513.6772645
Perplexity = 489500.8783104791, Log-Likelihood = -339296.1536825272
Recall = 0.16295195641406637, Precision = 0.20883152173913044, AER = 0.8074223547990875
Timestamp: 1429831932.1320045
Perplexity = 489494.4485491874, Log-Likelihood = -339291.6969116158
Recall = 0.16295195641406637, Precision = 0.20883152173913044, AER = 0.8074223547990875
Timestamp: 1429832231.4681263
Perplexity = 489488.7506314793, Log-Likelihood = -339287.74741602014
Recall = 0.16270430906389302, Precision = 0.20869565217391303, AER = 0.8075978241796806
Timestamp: 1429832521.1853724
Perplexity = 489483.71674486017, Log-Likelihood = -339284.2581917034
Recall = 0.16245666171371967, Precision = 0.20855978260869565, AER = 0.8077732935602737
Timestamp: 1429832830.1303484
Perplexity = 489479.6416350652, Log-Likelihood = -339281.4335408401
Recall = 0.16270430906389302, Precision = 0.20855978260869565, AER = 0.8076855588699772
Timestamp: 1429833147.9509377
Perplexity = 489476.0381730669, Log-Likelihood = -339278.93581131403
Recall = 0.16270430906389302, Precision = 0.20869565217391303, AER = 0.8075978241796806
Timestamp: 1429833453.230403
Perplexity = 489472.6316736911, Log-Likelihood = -339276.574605875
Recall = 0.16245666171371967, Precision = 0.20855978260869565, AER = 0.8077732935602737
Timestamp: 1429833739.3710694
Perplexity = 489468.9305043662, Log-Likelihood = -339274.0091507937
Recall = 0.16270430906389302, Precision = 0.20869565217391303, AER = 0.8075978241796806
Timestamp: 1429834044.0588565
Perplexity = 489465.0086171908, Log-Likelihood = -339271.29070575634
Recall = 0.16270430906389302, Precision = 0.20869565217391303, AER = 0.8075978241796806
Timestamp: 1429834324.5005202
Perplexity = 489460.4968544989, Log-Likelihood = -339268.1633901665
Recall = 0.16270430906389302, Precision = 0.20869565217391303, AER = 0.8075978241796806
Timestamp: 1429834611.9189093
Perplexity = 489455.5676780856, Log-Likelihood = -339264.74674543267
Recall = 0.16270430906389302, Precision = 0.20896739130434783, AER = 0.8074223547990875
Timestamp: 1429834925.4261837
Perplexity = 489449.7281771003, Log-Likelihood = -339260.6991117926
Recall = 0.16270430906389302, Precision = 0.20896739130434783, AER = 0.8074223547990875
Timestamp: 1429835217.8485978
Perplexity = 489442.90425508324, Log-Likelihood = -339255.96912948205
Recall = 0.16295195641406637, Precision = 0.20923913043478262, AER = 0.8071591507281979
Timestamp: 1429835517.0817955
Perplexity = 489434.79338733206, Log-Likelihood = -339250.34710436966
Recall = 0.16319960376423973, Precision = 0.209375, AER = 0.8069836813476048
Timestamp: 1429835784.749875
Perplexity = 489425.1015908991, Log-Likelihood = -339243.62926299847
Recall = 0.16319960376423973, Precision = 0.209375, AER = 0.8069836813476048
Timestamp: 1429836104.5261183
Perplexity = 489413.3042786181, Log-Likelihood = -339235.45198925096
Recall = 0.16344725111441308, Precision = 0.2095108695652174, AER = 0.8068082119670117
Timestamp: 1429836407.5658982
Perplexity = 489399.11141866795, Log-Likelihood = -339225.614248392
Recall = 0.16344725111441308, Precision = 0.2095108695652174, AER = 0.8068082119670117
Timestamp: 1429836679.161976
Perplexity = 489381.710077547, Log-Likelihood = -339213.5525578571
Recall = 0.16369489846458643, Precision = 0.2095108695652174, AER = 0.8067204772767153
Timestamp: 1429836960.9478097
Perplexity = 489360.6626161572, Log-Likelihood = -339198.96356933523
Recall = 0.1644378405151065, Precision = 0.20991847826086957, AER = 0.806194069134936
Timestamp: 1429837250.2470949
Perplexity = 489334.8848099105, Log-Likelihood = -339181.0957556152
Recall = 0.1644378405151065, Precision = 0.20991847826086957, AER = 0.806194069134936
Timestamp: 1429837535.6956232
Perplexity = 489303.6722395706, Log-Likelihood = -339159.46085048636
Recall = 0.1644378405151065, Precision = 0.20991847826086957, AER = 0.806194069134936
Timestamp: 1429837827.0402522
Perplexity = 489266.72135477694, Log-Likelihood = -339133.8484488716
Recall = 0.1644378405151065, Precision = 0.20991847826086957, AER = 0.806194069134936
Timestamp: 1429838119.5197747
Perplexity = 489225.23759420204, Log-Likelihood = -339105.094097191
Recall = 0.16419019316493313, Precision = 0.20964673913043477, AER = 0.8064572732058256
Timestamp: 1429838387.4926908
Perplexity = 489182.11339492904, Log-Likelihood = -339075.20268005034
Recall = 0.1644378405151065, Precision = 0.20991847826086957, AER = 0.806194069134936
Exporting weights...
03:22:23 AM
