11:40:05 PM
Model 1 instance: None
IBM model 2 with random weights
Resetting weights
Timestamp: 1429821625.898033
Perplexity = 493625.64698757645, Log-Likelihood = -342155.22546151705
Recall = 0.08816245666171373, Precision = 0.16096169519152403, AER = 0.8648245614035088
Timestamp: 1429821895.9579172
Perplexity = 492585.3539303208, Log-Likelihood = -341434.1492619247
Recall = 0.12605250123823675, Precision = 0.18359638472952922, AER = 0.8366954851104706
Timestamp: 1429822196.3743849
Perplexity = 491942.0961711787, Log-Likelihood = -340988.2769598011
Recall = 0.13224368499257058, Precision = 0.1885190675111171, AER = 0.8313116327777292
Timestamp: 1429822502.2464285
Perplexity = 491754.4914780566, Log-Likelihood = -340858.239295704
Recall = 0.1431401684001981, Precision = 0.19652478448275862, AER = 0.82228232420171
Timestamp: 1429822810.1144433
Perplexity = 491505.24503179174, Log-Likelihood = -340685.4748242136
Recall = 0.150074294205052, Precision = 0.2003233194126364, AER = 0.8173806823139342
Timestamp: 1429823139.0797648
Perplexity = 491277.49864145054, Log-Likelihood = -340527.61305586307
Recall = 0.15428429915799902, Precision = 0.20364126770060686, AER = 0.8137605867458308
Timestamp: 1429823447.6908467
Perplexity = 491025.16869038536, Log-Likelihood = -340352.71126171295
Recall = 0.15601783060921248, Precision = 0.20504519088088494, AER = 0.8122434721858353
Timestamp: 1429823769.8330104
Perplexity = 490819.5437751259, Log-Likelihood = -340210.18293144647
Recall = 0.15502724120851907, Precision = 0.20458839406207827, AER = 0.8128930817610063
Timestamp: 1429824090.985401
Perplexity = 490665.298445299, Log-Likelihood = -340103.2682159637
Recall = 0.1570084200099059, Precision = 0.2058585313174946, AER = 0.8113751528918399
Timestamp: 1429824426.2739007
Perplexity = 490544.78281919094, Log-Likelihood = -340019.7331495142
Recall = 0.15725606736007924, Precision = 0.206589251957872, AER = 0.8108178958406151
Timestamp: 1429824741.6822133
Perplexity = 490483.8347838266, Log-Likelihood = -339977.48719064065
Recall = 0.15626547795938583, Precision = 0.20591412368349987, AER = 0.811604334148899
Timestamp: 1429825053.813197
Perplexity = 490452.7845652431, Log-Likelihood = -339955.96481917263
Recall = 0.15676077265973254, Precision = 0.206589251957872, AER = 0.8109926599091226
Timestamp: 1429825424.4566033
Perplexity = 490437.0617541545, Log-Likelihood = -339945.06659699575
Recall = 0.15725606736007924, Precision = 0.20685930326762084, AER = 0.8106431317721077
Timestamp: 1429825753.2060347
Perplexity = 490423.8207527016, Log-Likelihood = -339935.88863417035
Recall = 0.1565131253095592, Precision = 0.206589251957872, AER = 0.8110800419433765
Timestamp: 1429826061.4118912
Perplexity = 490404.7103622645, Log-Likelihood = -339922.64232092135
Recall = 0.1565131253095592, Precision = 0.206589251957872, AER = 0.8110800419433765
Timestamp: 1429826370.6788025
Perplexity = 490385.4852400848, Log-Likelihood = -339909.31648168724
Recall = 0.1570084200099059, Precision = 0.20672427761274642, AER = 0.8108178958406151
Timestamp: 1429826683.1487079
Perplexity = 490369.04666399054, Log-Likelihood = -339897.9221290141
Recall = 0.15676077265973254, Precision = 0.20672427761274642, AER = 0.8109052778748689
Timestamp: 1429826993.7503407
Perplexity = 490354.1998489238, Log-Likelihood = -339887.6311010102
Recall = 0.1570084200099059, Precision = 0.20699432892249528, AER = 0.8106431317721077
Timestamp: 1429827302.2583978
Perplexity = 490341.3896838127, Log-Likelihood = -339878.75177117967
Recall = 0.15725606736007924, Precision = 0.2071293545773697, AER = 0.8104683677036002
Timestamp: 1429827610.7367542
Perplexity = 490331.85982042423, Log-Likelihood = -339872.146173242
Recall = 0.15725606736007924, Precision = 0.20699432892249528, AER = 0.8105557497378539
Timestamp: 1429827918.5284011
Perplexity = 490323.28967265564, Log-Likelihood = -339866.20579947846
Recall = 0.15725606736007924, Precision = 0.20685930326762084, AER = 0.8106431317721077
Timestamp: 1429828227.785832
Perplexity = 490315.89546818385, Log-Likelihood = -339861.0805274968
Recall = 0.15725606736007924, Precision = 0.20685930326762084, AER = 0.8106431317721077
Timestamp: 1429828535.5523777
Perplexity = 490309.77172086044, Log-Likelihood = -339856.8358693049
Recall = 0.15725606736007924, Precision = 0.20699432892249528, AER = 0.8105557497378539
Timestamp: 1429828843.2627943
Perplexity = 490304.55958480836, Log-Likelihood = -339853.22309189773
Recall = 0.1575037147102526, Precision = 0.2071293545773697, AER = 0.8103809856693464
Timestamp: 1429829151.7679398
Perplexity = 490300.70959622663, Log-Likelihood = -339850.5544831656
Recall = 0.1575037147102526, Precision = 0.20726438023224414, AER = 0.8102936036350926
Timestamp: 1429829460.130558
Perplexity = 490299.9212335688, Log-Likelihood = -339850.0080318119
Recall = 0.1575037147102526, Precision = 0.2071293545773697, AER = 0.8103809856693464
Timestamp: 1429829767.7817829
Perplexity = 490304.1472861262, Log-Likelihood = -339852.93730822724
Recall = 0.1575037147102526, Precision = 0.20699432892249528, AER = 0.8104683677036002
Timestamp: 1429830075.8278155
Perplexity = 490303.26385993825, Log-Likelihood = -339852.3249638556
Recall = 0.15775136206042595, Precision = 0.20739940588711855, AER = 0.8101188395665851
Timestamp: 1429830386.3206713
Perplexity = 490301.10499367176, Log-Likelihood = -339850.82855179097
Recall = 0.15775136206042595, Precision = 0.20726438023224414, AER = 0.8102062216008389
Timestamp: 1429830696.203944
Perplexity = 490298.7485066528, Log-Likelihood = -339849.1951594563
Recall = 0.15775136206042595, Precision = 0.20726438023224414, AER = 0.8102062216008389
Timestamp: 1429831013.3546627
Perplexity = 490296.38421274105, Log-Likelihood = -339847.5563557968
Recall = 0.1579990094105993, Precision = 0.20726438023224414, AER = 0.8101188395665851
Timestamp: 1429831321.991111
Perplexity = 490294.4023530325, Log-Likelihood = -339846.18263532605
Recall = 0.1579990094105993, Precision = 0.2071293545773697, AER = 0.8102062216008389
Timestamp: 1429831639.167762
Perplexity = 490293.09103359707, Log-Likelihood = -339845.2736979585
Recall = 0.1579990094105993, Precision = 0.2071293545773697, AER = 0.8102062216008389
Timestamp: 1429831944.992488
Perplexity = 490292.3310971689, Log-Likelihood = -339844.74695016706
Recall = 0.1579990094105993, Precision = 0.2071293545773697, AER = 0.8102062216008389
Timestamp: 1429832252.5330162
Perplexity = 490292.09209304553, Log-Likelihood = -339844.5812851322
Recall = 0.1579990094105993, Precision = 0.20699432892249528, AER = 0.8102936036350926
Timestamp: 1429832562.2984178
Perplexity = 490292.1175326453, Log-Likelihood = -339844.59891851805
Recall = 0.15775136206042595, Precision = 0.20672427761274642, AER = 0.8105557497378539
Timestamp: 1429832870.4994776
Perplexity = 490292.2486763908, Log-Likelihood = -339844.6898204365
Recall = 0.15775136206042595, Precision = 0.20685930326762084, AER = 0.8104683677036002
Timestamp: 1429833178.9995058
Perplexity = 490292.6922417398, Log-Likelihood = -339844.9972765056
Recall = 0.1579990094105993, Precision = 0.2071293545773697, AER = 0.8102062216008389
Timestamp: 1429833489.3938174
Perplexity = 490293.27657230815, Log-Likelihood = -339845.4023035934
Recall = 0.1579990094105993, Precision = 0.20726438023224414, AER = 0.8101188395665851
Timestamp: 1429833798.2131107
Perplexity = 490294.24856634875, Log-Likelihood = -339846.0760385244
Recall = 0.1579990094105993, Precision = 0.20726438023224414, AER = 0.8101188395665851
03:08:14 AM
