10:39:23 PM
Model 1 instance: None
IBM model 2 with random weights
Resetting weights
Timestamp: 1429821590.2252684
Perplexity = 493870.44691425696, Log-Likelihood = -342324.9078404979
Recall = 0.09583952451708767, Precision = 0.1624082631149769, AER = 0.8611793611793612
Timestamp: 1429822049.1444812
Perplexity = 492402.5984807485, Log-Likelihood = -341307.4728373229
Recall = 0.1300148588410104, Precision = 0.1877628544295211, AER = 0.8326759575773512
Timestamp: 1429822503.4215262
Perplexity = 491843.3214519931, Log-Likelihood = -340919.81154168595
Recall = 0.1369489846458643, Precision = 0.19085729788388497, AER = 0.8282208588957055
Timestamp: 1429822931.0424407
Perplexity = 491580.5115633387, Log-Likelihood = -340737.64560834446
Recall = 0.14809311540366518, Precision = 0.19790959685082124, AER = 0.8197281893906181
Timestamp: 1429823364.6382463
Perplexity = 491222.31070009083, Log-Likelihood = -340489.3596899096
Recall = 0.15304606240713226, Precision = 0.2015388768898488, AER = 0.815568757644592
Timestamp: 1429823844.2738233
Perplexity = 490908.6718494158, Log-Likelihood = -340271.9618048504
Recall = 0.15527488855869243, Precision = 0.20434900054024852, AER = 0.8129697605313756
Timestamp: 1429824748.0404167
Perplexity = 490640.9592917079, Log-Likelihood = -340086.397600273
Recall = 0.15725606736007924, Precision = 0.20542949756888168, AER = 0.8115714036007691
Timestamp: 1429825754.290304
Perplexity = 490470.0280426206, Log-Likelihood = -339967.9170868984
Recall = 0.15626547795938583, Precision = 0.2049169255707146, AER = 0.812254173586225
Timestamp: 1429826419.544072
Perplexity = 490359.33303165564, Log-Likelihood = -339891.18915214716
Recall = 0.15626547795938583, Precision = 0.2045116844522491, AER = 0.812516388427585
Timestamp: 1429826988.2176826
Perplexity = 490289.29455722024, Log-Likelihood = -339842.6421810622
Recall = 0.15601783060921248, Precision = 0.20478184519789275, AER = 0.812428983480465
Timestamp: 1429827432.1175964
Perplexity = 490261.67790195724, Log-Likelihood = -339823.4997743302
Recall = 0.15725606736007924, Precision = 0.20556455969746082, AER = 0.8114840062926062
Timestamp: 1429828323.6990962
Perplexity = 490248.1723606793, Log-Likelihood = -339814.13844647026
Recall = 0.1575037147102526, Precision = 0.20596974608319826, AER = 0.8111344170599546
Timestamp: 1429829232.7870677
Perplexity = 490237.89234833355, Log-Likelihood = -339807.0128848974
Recall = 0.15725606736007924, Precision = 0.20569962182603999, AER = 0.8113966089844433
Timestamp: 1429829666.7618244
Perplexity = 490231.9636864128, Log-Likelihood = -339802.9034496037
Recall = 0.15725606736007924, Precision = 0.20569962182603999, AER = 0.8113966089844433
Timestamp: 1429830083.7628653
Perplexity = 490226.11767265596, Log-Likelihood = -339798.85130164714
Recall = 0.15725606736007924, Precision = 0.20542949756888168, AER = 0.8115714036007691
Timestamp: 1429830499.787279
Perplexity = 490221.6833188369, Log-Likelihood = -339795.7776417997
Recall = 0.1570084200099059, Precision = 0.20542949756888168, AER = 0.811658800908932
Timestamp: 1429830919.2287505
Perplexity = 490217.73251465027, Log-Likelihood = -339793.0391530185
Recall = 0.1570084200099059, Precision = 0.20542949756888168, AER = 0.811658800908932
Timestamp: 1429831338.7072177
Perplexity = 490214.91435154044, Log-Likelihood = -339791.0857512051
Recall = 0.1570084200099059, Precision = 0.20610480821177743, AER = 0.8112218143681175
Timestamp: 1429831760.8642921
Perplexity = 490212.67955239536, Log-Likelihood = -339789.5367064785
Recall = 0.1570084200099059, Precision = 0.20623987034035657, AER = 0.8111344170599546
Timestamp: 1429832098.6823635
Perplexity = 490211.78741082386, Log-Likelihood = -339788.9183210637
Recall = 0.15923724616146606, Precision = 0.20759049162614804, AER = 0.8094738682048592
Timestamp: 1429832433.7679167
Perplexity = 490211.7648002933, Log-Likelihood = -339788.90264863864
Recall = 0.15923724616146606, Precision = 0.20772555375472718, AER = 0.8093864708966964
Timestamp: 1429832735.8347924
Perplexity = 490213.4997518748, Log-Likelihood = -339790.1052254361
Recall = 0.15923724616146606, Precision = 0.20786061588330632, AER = 0.8092990735885335
Timestamp: 1429833041.3311524
Perplexity = 490214.2447921082, Log-Likelihood = -339790.62164797256
Recall = 0.15923724616146606, Precision = 0.20786061588330632, AER = 0.8092990735885335
Timestamp: 1429833310.454484
Perplexity = 490216.8347027226, Log-Likelihood = -339792.4168372131
Recall = 0.15923724616146606, Precision = 0.20786061588330632, AER = 0.8092990735885335
Timestamp: 1429833603.3981912
Perplexity = 490217.398517092, Log-Likelihood = -339792.8076435539
Recall = 0.15923724616146606, Precision = 0.20772555375472718, AER = 0.8093864708966964
Timestamp: 1429833889.7580743
Perplexity = 490218.7376859664, Log-Likelihood = -339793.73588468315
Recall = 0.15948489351163941, Precision = 0.20786061588330632, AER = 0.8092116762803705
Timestamp: 1429834193.6297934
Perplexity = 490218.7248312424, Log-Likelihood = -339793.72697446676
Recall = 0.15923724616146606, Precision = 0.20786061588330632, AER = 0.8092990735885335
Timestamp: 1429834550.68385
Perplexity = 490218.52061505883, Log-Likelihood = -339793.58542259474
Recall = 0.15923724616146606, Precision = 0.20786061588330632, AER = 0.8092990735885335
Timestamp: 1429834812.4452589
Perplexity = 490218.0864793647, Log-Likelihood = -339793.2845026622
Recall = 0.15923724616146606, Precision = 0.20772555375472718, AER = 0.8093864708966964
Timestamp: 1429835112.6731656
Perplexity = 490217.84072638955, Log-Likelihood = -339793.11415968084
Recall = 0.15923724616146606, Precision = 0.20786061588330632, AER = 0.8092990735885335
Timestamp: 1429835416.9986622
Perplexity = 490217.8348498596, Log-Likelihood = -339793.11008638
Recall = 0.15923724616146606, Precision = 0.20786061588330632, AER = 0.8092990735885335
Timestamp: 1429835708.0257192
Perplexity = 490218.14893850737, Log-Likelihood = -339793.32779604127
Recall = 0.15923724616146606, Precision = 0.20786061588330632, AER = 0.8092990735885335
Timestamp: 1429836029.7338388
Perplexity = 490219.3086242793, Log-Likelihood = -339794.13162896654
Recall = 0.15923724616146606, Precision = 0.20799567801188545, AER = 0.8092116762803705
Timestamp: 1429836312.8403745
Perplexity = 490223.7593232871, Log-Likelihood = -339797.2166184333
Recall = 0.15948489351163941, Precision = 0.20799567801188545, AER = 0.8091242789722076
Timestamp: 1429836619.9440832
Perplexity = 490228.5429702909, Log-Likelihood = -339800.5323898681
Recall = 0.15948489351163941, Precision = 0.20786061588330632, AER = 0.8092116762803705
Timestamp: 1429836892.1291018
Perplexity = 490231.1441577772, Log-Likelihood = -339802.3353956388
Recall = 0.15948489351163941, Precision = 0.20772555375472718, AER = 0.8092990735885335
Timestamp: 1429837197.5583873
Perplexity = 490233.06284871703, Log-Likelihood = -339803.66533085494
Recall = 0.15948489351163941, Precision = 0.20772555375472718, AER = 0.8092990735885335
Timestamp: 1429837506.2078238
Perplexity = 490234.6471752727, Log-Likelihood = -339804.76350233733
Recall = 0.15948489351163941, Precision = 0.20772555375472718, AER = 0.8092990735885335
Timestamp: 1429837806.681188
Perplexity = 490236.0536450521, Log-Likelihood = -339805.73839290097
Recall = 0.15948489351163941, Precision = 0.20772555375472718, AER = 0.8092990735885335
Timestamp: 1429838109.848245
Perplexity = 490237.14746656123, Log-Likelihood = -339806.49657219666
Recall = 0.15948489351163941, Precision = 0.20786061588330632, AER = 0.8092116762803705
03:19:31 AM
