10:39:23 PM
IBM model 1
Resetting weights
Timestamp: 1429821589.504833
Perplexity = 494236.25697757205, Log-Likelihood = -342578.4680545033
Recall = 0.0903912828132739, Precision = 0.16406143808617643, AER = 0.862044756472137
Timestamp: 1429821792.1763272
Perplexity = 493991.201267685, Log-Likelihood = -342408.60838011623
Recall = 0.12803368003962357, Precision = 0.18958305221967345, AER = 0.8321250764258887
Timestamp: 1429822010.6190815
Perplexity = 492046.270097808, Log-Likelihood = -341060.4848233307
Recall = 0.13348192174343734, Precision = 0.1891891891891892, AER = 0.8305411805981932
Timestamp: 1429822230.6396844
Perplexity = 491996.09567639313, Log-Likelihood = -341025.7065645931
Recall = 0.14685487865279842, Precision = 0.19885978010044794, AER = 0.819552827707146
Timestamp: 1429822445.5420907
Perplexity = 491387.9941881616, Log-Likelihood = -340604.20273252926
Recall = 0.145864289252105, Precision = 0.19725580763483222, AER = 0.820949206070708
Timestamp: 1429822642.9394803
Perplexity = 491462.04206898296, Log-Likelihood = -340655.5288123459
Recall = 0.1510648836057454, Precision = 0.20019013988863235, AER = 0.8172090167529165
Timestamp: 1429822836.4684944
Perplexity = 491209.4449916823, Log-Likelihood = -340480.4418603992
Recall = 0.14834076275383853, Precision = 0.19918478260869565, AER = 0.8188278645376381
Timestamp: 1429823031.9362674
Perplexity = 491275.118025782, Log-Likelihood = -340525.96293882444
Recall = 0.15230312035661217, Precision = 0.20268985192229316, AER = 0.8151592244933766
Timestamp: 1429823226.0690908
Perplexity = 491140.9320518694, Log-Likelihood = -340432.9523093391
Recall = 0.1495789995047053, Precision = 0.20070661774697648, AER = 0.8174080898482057
Timestamp: 1429823429.9778938
Perplexity = 491189.96655299136, Log-Likelihood = -340466.9404355398
Recall = 0.1515601783060921, Precision = 0.20217391304347826, AER = 0.8157571503772592
Timestamp: 1429823633.447687
Perplexity = 491106.26307536045, Log-Likelihood = -340408.9216060158
Recall = 0.1515601783060921, Precision = 0.20260905014268243, AER = 0.8154777573045539
Timestamp: 1429823914.1382813
Perplexity = 491142.66112591076, Log-Likelihood = -340434.1508121334
Recall = 0.1510648836057454, Precision = 0.20179372197309417, AER = 0.8161796964113364
Timestamp: 1429824365.6899142
Perplexity = 491084.4105483444, Log-Likelihood = -340393.77458852535
Recall = 0.1515601783060921, Precision = 0.20288082619921186, AER = 0.8153022725278583
Timestamp: 1429824756.8818486
Perplexity = 491113.85217307194, Log-Likelihood = -340414.18196769897
Recall = 0.15131253095591876, Precision = 0.20179372197309417, AER = 0.8160919540229885
Timestamp: 1429825190.11415
Perplexity = 491069.95955478726, Log-Likelihood = -340383.75792308873
Recall = 0.15081723625557206, Precision = 0.20260905014268243, AER = 0.8157409844695973
Timestamp: 1429825657.4081802
Perplexity = 491095.5349220997, Log-Likelihood = -340401.48541683104
Recall = 0.1515601783060921, Precision = 0.2022013860578883, AER = 0.8157409844695973
Timestamp: 1429826127.7737885
Perplexity = 491061.06055530824, Log-Likelihood = -340377.58960668807
Recall = 0.1510648836057454, Precision = 0.20301671422747655, AER = 0.815390014916206
Timestamp: 1429826348.4591224
Perplexity = 491083.3444292712, Log-Likelihood = -340393.03561109887
Recall = 0.1510648836057454, Precision = 0.2020654980296236, AER = 0.8160042116346407
Timestamp: 1429826575.2445633
Perplexity = 491055.6561997218, Log-Likelihood = -340373.84359285067
Recall = 0.1510648836057454, Precision = 0.20304430551780375, AER = 0.8153738153738154
Timestamp: 1429826898.3128898
Perplexity = 491074.8083591035, Log-Likelihood = -340387.11885812855
Recall = 0.1510648836057454, Precision = 0.2024731621144177, AER = 0.8157409844695973
Timestamp: 1429827095.5550575
Perplexity = 491052.23954403086, Log-Likelihood = -340371.4753475888
Recall = 0.15131253095591876, Precision = 0.20263658602881218, AER = 0.8155493155493155
Timestamp: 1429827301.760632
Perplexity = 491068.53983605327, Log-Likelihood = -340382.7738490478
Recall = 0.1510648836057454, Precision = 0.2024731621144177, AER = 0.8157409844695973
Timestamp: 1429827507.2863016
Perplexity = 491049.97354443476, Log-Likelihood = -340369.90467635926
Recall = 0.1510648836057454, Precision = 0.2020929600434901, AER = 0.815988065988066
Timestamp: 1429827980.80733
Perplexity = 491063.7566125737, Log-Likelihood = -340379.45837117883
Recall = 0.1510648836057454, Precision = 0.2022288665398206, AER = 0.8159003159003159
Timestamp: 1429828438.1020074
Perplexity = 491048.4158321742, Log-Likelihood = -340368.8249524986
Recall = 0.1510648836057454, Precision = 0.2020929600434901, AER = 0.815988065988066
Timestamp: 1429828895.002975
Perplexity = 491060.01043262944, Log-Likelihood = -340376.8617171147
Recall = 0.15131253095591876, Precision = 0.2022288665398206, AER = 0.8158125658125658
Timestamp: 1429829246.330983
Perplexity = 491047.3050597892, Log-Likelihood = -340368.0550237521
Recall = 0.1510648836057454, Precision = 0.2020929600434901, AER = 0.815988065988066
Timestamp: 1429829445.7081044
Perplexity = 491057.0260900587, Log-Likelihood = -340374.7931284762
Recall = 0.15131253095591876, Precision = 0.2022288665398206, AER = 0.8158125658125658
Timestamp: 1429829639.261175
Perplexity = 491046.4722875551, Log-Likelihood = -340367.4777900237
Recall = 0.1510648836057454, Precision = 0.2020929600434901, AER = 0.815988065988066
Timestamp: 1429829833.3717554
Perplexity = 491054.6155340408, Log-Likelihood = -340373.12225836713
Recall = 0.15131253095591876, Precision = 0.2022288665398206, AER = 0.8158125658125658
Timestamp: 1429830025.9975963
Perplexity = 491045.80875905167, Log-Likelihood = -340367.01786711375
Recall = 0.1510648836057454, Precision = 0.2022288665398206, AER = 0.8159003159003159
Timestamp: 1429830220.0468216
Perplexity = 491052.6416379983, Log-Likelihood = -340371.75405789
Recall = 0.1510648836057454, Precision = 0.2020929600434901, AER = 0.815988065988066
Timestamp: 1429830411.96555
Perplexity = 491045.2468815907, Log-Likelihood = -340366.62840333534
Recall = 0.1510648836057454, Precision = 0.2022288665398206, AER = 0.8159003159003159
Timestamp: 1429830603.939918
Perplexity = 491051.0036760483, Log-Likelihood = -340370.6187091839
Recall = 0.1510648836057454, Precision = 0.20195705354715957, AER = 0.8160758160758161
Timestamp: 1429830796.5188615
Perplexity = 491044.7466109644, Log-Likelihood = -340366.28164216265
Recall = 0.1510648836057454, Precision = 0.2022288665398206, AER = 0.8159003159003159
Timestamp: 1429830987.536797
Perplexity = 491049.62830165814, Log-Likelihood = -340369.66537230456
Recall = 0.1510648836057454, Precision = 0.20195705354715957, AER = 0.8160758160758161
Timestamp: 1429831178.0457008
Perplexity = 491044.28571797546, Log-Likelihood = -340365.9621754869
Recall = 0.1510648836057454, Precision = 0.2022288665398206, AER = 0.8159003159003159
Timestamp: 1429831369.9210212
Perplexity = 491048.4617304327, Log-Likelihood = -340368.856766748
Recall = 0.1510648836057454, Precision = 0.20195705354715957, AER = 0.8160758160758161
Timestamp: 1429831560.0159187
Perplexity = 491043.85285763966, Log-Likelihood = -340365.66213956504
Recall = 0.1510648836057454, Precision = 0.2022288665398206, AER = 0.8159003159003159
Timestamp: 1429831751.8068619
Perplexity = 491047.4635823925, Log-Likelihood = -340368.16490324866
Recall = 0.1510648836057454, Precision = 0.20195705354715957, AER = 0.8160758160758161
Model 1 instance: <ibm.Model object at 0x7fe9dd6ae2e8>
Exporting weights...
01:32:39 AM
