10:39:23 PM
Model 1 instance: None
IBM model 2 with random weights
Resetting weights
Timestamp: 1429821589.6465886
Perplexity = 494021.92337640043, Log-Likelihood = -342429.90332315495
Recall = 0.08469539375928678, Precision = 0.15891525423728814, AER = 0.8673442565495487
Timestamp: 1429822056.1972685
Perplexity = 492260.21584084764, Log-Likelihood = -341208.78071191494
Recall = 0.1300148588410104, Precision = 0.18659248201926992, AER = 0.833435609713334
Timestamp: 1429822523.6101167
Perplexity = 491829.1991733629, Log-Likelihood = -340910.02272407094
Recall = 0.13719663199603765, Precision = 0.19112257363920185, AER = 0.8279701885138098
Timestamp: 1429822950.7384653
Perplexity = 491550.94892063836, Log-Likelihood = -340717.1543459048
Recall = 0.14660723130262507, Precision = 0.1969594136011945, AER = 0.8208680403331872
Timestamp: 1429823380.3238842
Perplexity = 491212.3630165238, Log-Likelihood = -340482.46448109025
Recall = 0.14784546805349183, Precision = 0.19880499728408474, AER = 0.8192422382038239
Timestamp: 1429823887.424092
Perplexity = 490892.2561355135, Log-Likelihood = -340260.5832990411
Recall = 0.150074294205052, Precision = 0.1996195135208588, AER = 0.8179345441782926
Timestamp: 1429824808.4159384
Perplexity = 490611.33408065327, Log-Likelihood = -340065.86296875833
Recall = 0.150074294205052, Precision = 0.20019026909486273, AER = 0.8175675675675675
Timestamp: 1429825846.5902815
Perplexity = 490394.9251098242, Log-Likelihood = -339915.85970078054
Recall = 0.1527984150569589, Precision = 0.2017126546146527, AER = 0.8156208863536639
Timestamp: 1429826468.1360068
Perplexity = 490256.42265327956, Log-Likelihood = -339819.85711352434
Recall = 0.15255076770678555, Precision = 0.2017126546146527, AER = 0.8157086441421676
Timestamp: 1429827038.5858016
Perplexity = 490159.7056392096, Log-Likelihood = -339752.8179879119
Recall = 0.1532937097573056, Precision = 0.20212042952290335, AER = 0.8151820974111452
Timestamp: 1429827481.0623238
Perplexity = 490068.98911405564, Log-Likelihood = -339689.93808427243
Recall = 0.15205547300643882, Precision = 0.20212042952290335, AER = 0.8156208863536639
Timestamp: 1429828479.3835742
Perplexity = 489919.6487866164, Log-Likelihood = -339586.42325736093
Recall = 0.15230312035661217, Precision = 0.20225635449232024, AER = 0.8154453707766565
Timestamp: 1429829292.585202
Perplexity = 489810.9694294329, Log-Likelihood = -339511.09246734454
Recall = 0.1527984150569589, Precision = 0.20225635449232024, AER = 0.815269855199649
Timestamp: 1429829727.0052905
Perplexity = 489781.11023812654, Log-Likelihood = -339490.3956530771
Recall = 0.1515601783060921, Precision = 0.2017126546146527, AER = 0.8160596752961825
Timestamp: 1429830146.7303808
Perplexity = 489759.81200128095, Log-Likelihood = -339475.63284025714
Recall = 0.15131253095591876, Precision = 0.20130487970640207, AER = 0.8164107064501974
Timestamp: 1429830569.5013192
Perplexity = 489740.58973629004, Log-Likelihood = -339462.3089814735
Recall = 0.15131253095591876, Precision = 0.2010330297675683, AER = 0.8165862220272049
Timestamp: 1429830991.3896914
Perplexity = 489718.5387188459, Log-Likelihood = -339447.0243809031
Recall = 0.15131253095591876, Precision = 0.20130487970640207, AER = 0.8164107064501974
Timestamp: 1429831413.9311745
Perplexity = 489694.31875257345, Log-Likelihood = -339430.23637957004
Recall = 0.15081723625557206, Precision = 0.2010330297675683, AER = 0.8167617376042123
Timestamp: 1429831833.1986637
Perplexity = 489670.39187856374, Log-Likelihood = -339413.65153430885
Recall = 0.15081723625557206, Precision = 0.2010330297675683, AER = 0.8167617376042123
Timestamp: 1429832171.8373456
Perplexity = 489654.20834663865, Log-Likelihood = -339402.43396478484
Recall = 0.1510648836057454, Precision = 0.2010330297675683, AER = 0.8166739798157087
Timestamp: 1429832456.2575765
Perplexity = 489643.95487782446, Log-Likelihood = -339395.32680178573
Recall = 0.1505695889053987, Precision = 0.2010330297675683, AER = 0.8168494953927161
Timestamp: 1429832732.3857052
Perplexity = 489636.85910032125, Log-Likelihood = -339390.40838361403
Recall = 0.1505695889053987, Precision = 0.2010330297675683, AER = 0.8168494953927161
Timestamp: 1429833034.4695373
Perplexity = 489630.6554053149, Log-Likelihood = -339386.10830991087
Recall = 0.1505695889053987, Precision = 0.20144080467581896, AER = 0.8165862220272049
Timestamp: 1429833337.570473
Perplexity = 489625.9948720963, Log-Likelihood = -339382.8778744533
Recall = 0.15032194155522535, Precision = 0.20144080467581896, AER = 0.8166739798157087
Timestamp: 1429833650.5089204
Perplexity = 489621.15858577285, Log-Likelihood = -339379.52561622346
Recall = 0.1505695889053987, Precision = 0.2017126546146527, AER = 0.8164107064501974
Timestamp: 1429833929.9323447
Perplexity = 489617.0502626843, Log-Likelihood = -339376.6779436572
Recall = 0.15032194155522535, Precision = 0.20144080467581896, AER = 0.8166739798157087
Timestamp: 1429834206.323528
Perplexity = 489612.9452363602, Log-Likelihood = -339373.83255623496
Recall = 0.150074294205052, Precision = 0.20130487970640207, AER = 0.8168494953927161
Timestamp: 1429834475.8132849
Perplexity = 489609.84291246743, Log-Likelihood = -339371.68218917196
Recall = 0.150074294205052, Precision = 0.20130487970640207, AER = 0.8168494953927161
Timestamp: 1429834792.2172828
Perplexity = 489606.6196740702, Log-Likelihood = -339369.4480105658
Recall = 0.15032194155522535, Precision = 0.20157672964523582, AER = 0.8165862220272049
Timestamp: 1429835065.0654423
Perplexity = 489603.62118155346, Log-Likelihood = -339367.36961393425
Recall = 0.1510648836057454, Precision = 0.2019845045534865, AER = 0.8160596752961825
Timestamp: 1429835354.7607794
Perplexity = 489600.0619446013, Log-Likelihood = -339364.9025388739
Recall = 0.1510648836057454, Precision = 0.2019845045534865, AER = 0.8160596752961825
Timestamp: 1429835692.3984163
Perplexity = 489595.9450828264, Log-Likelihood = -339362.04894774064
Recall = 0.1510648836057454, Precision = 0.2019845045534865, AER = 0.8160596752961825
Timestamp: 1429835940.439948
Perplexity = 489590.8023794786, Log-Likelihood = -339358.4842974175
Recall = 0.1510648836057454, Precision = 0.20212042952290335, AER = 0.8159719175076788
Timestamp: 1429836231.7842982
Perplexity = 489584.90343880735, Log-Likelihood = -339354.395463324
Recall = 0.1510648836057454, Precision = 0.20212042952290335, AER = 0.8159719175076788
Timestamp: 1429836521.7944436
Perplexity = 489578.7959739897, Log-Likelihood = -339350.16209130525
Recall = 0.1510648836057454, Precision = 0.20212042952290335, AER = 0.8159719175076788
Timestamp: 1429836850.1125607
Perplexity = 489573.2879760725, Log-Likelihood = -339346.34423807805
Recall = 0.1510648836057454, Precision = 0.20212042952290335, AER = 0.8159719175076788
Timestamp: 1429837166.414366
Perplexity = 489568.5112489988, Log-Likelihood = -339343.0332631739
Recall = 0.1510648836057454, Precision = 0.20212042952290335, AER = 0.8159719175076788
Timestamp: 1429837446.0819266
Perplexity = 489564.84672057757, Log-Likelihood = -339340.4932056309
Recall = 0.1510648836057454, Precision = 0.20225635449232024, AER = 0.815884159719175
Timestamp: 1429837750.389981
Perplexity = 489561.9422367192, Log-Likelihood = -339338.4799708319
Recall = 0.15131253095591876, Precision = 0.20239227946173713, AER = 0.8157086441421676
Timestamp: 1429838026.863206
Perplexity = 489559.41504352243, Log-Likelihood = -339336.7282539933
Recall = 0.15131253095591876, Precision = 0.20239227946173713, AER = 0.8157086441421676
03:18:45 AM
